  [1m[35m (0.1ms)[0m  [1m[34mSELECT sqlite_version(*)[0m
  ↳ /home/joaco/.rbenv/versions/2.5.1/bin/rake:23
  [1m[35m (7.4ms)[0m  [1m[35mCREATE TABLE "schema_migrations" ("version" varchar NOT NULL PRIMARY KEY)[0m
  ↳ /home/joaco/.rbenv/versions/2.5.1/bin/rake:23
  [1m[35m (5.2ms)[0m  [1m[35mCREATE TABLE "ar_internal_metadata" ("key" varchar NOT NULL PRIMARY KEY, "value" varchar, "created_at" datetime NOT NULL, "updated_at" datetime NOT NULL)[0m
  ↳ /home/joaco/.rbenv/versions/2.5.1/bin/rake:23
  [1m[35m (0.1ms)[0m  [1m[34mSELECT "schema_migrations"."version" FROM "schema_migrations" ORDER BY "schema_migrations"."version" ASC[0m
  ↳ /home/joaco/.rbenv/versions/2.5.1/bin/rake:23
Migrating to CreateUsers (20180825194136)
  [1m[35m (0.0ms)[0m  [1m[36mbegin transaction[0m
  ↳ /home/joaco/.rbenv/versions/2.5.1/bin/rake:23
  [1m[35m (0.2ms)[0m  [1m[35mCREATE TABLE "users" ("id" integer PRIMARY KEY AUTOINCREMENT NOT NULL, "provider" varchar, "uid" varchar, "name" varchar, "oauth_token" varchar, "oauth_expires_at" datetime, "created_at" datetime NOT NULL, "updated_at" datetime NOT NULL)[0m
  ↳ db/migrate/20180825194136_create_users.rb:3
  [1m[36mActiveRecord::SchemaMigration Create (0.1ms)[0m  [1m[32mINSERT INTO "schema_migrations" ("version") VALUES (?)[0m  [["version", "20180825194136"]]
  ↳ /home/joaco/.rbenv/versions/2.5.1/bin/rake:23
  [1m[35m (4.0ms)[0m  [1m[36mcommit transaction[0m
  ↳ /home/joaco/.rbenv/versions/2.5.1/bin/rake:23
  [1m[36mActiveRecord::InternalMetadata Load (0.1ms)[0m  [1m[34mSELECT  "ar_internal_metadata".* FROM "ar_internal_metadata" WHERE "ar_internal_metadata"."key" = ? LIMIT ?[0m  [["key", "environment"], ["LIMIT", 1]]
  ↳ /home/joaco/.rbenv/versions/2.5.1/bin/rake:23
  [1m[35m (0.0ms)[0m  [1m[36mbegin transaction[0m
  ↳ /home/joaco/.rbenv/versions/2.5.1/bin/rake:23
  [1m[36mActiveRecord::InternalMetadata Create (0.2ms)[0m  [1m[32mINSERT INTO "ar_internal_metadata" ("key", "value", "created_at", "updated_at") VALUES (?, ?, ?, ?)[0m  [["key", "environment"], ["value", "development"], ["created_at", "2018-08-25 19:41:41.791603"], ["updated_at", "2018-08-25 19:41:41.791603"]]
  ↳ /home/joaco/.rbenv/versions/2.5.1/bin/rake:23
  [1m[35m (3.0ms)[0m  [1m[36mcommit transaction[0m
  ↳ /home/joaco/.rbenv/versions/2.5.1/bin/rake:23
  [1m[35m (0.1ms)[0m  [1m[34mSELECT "schema_migrations"."version" FROM "schema_migrations" ORDER BY "schema_migrations"."version" ASC[0m
  ↳ /home/joaco/.rbenv/versions/2.5.1/bin/rake:23
Started GET "/" for 127.0.0.1 at 2018-08-25 16:44:35 -0300
  [1m[35m (0.1ms)[0m  [1m[34mSELECT "schema_migrations"."version" FROM "schema_migrations" ORDER BY "schema_migrations"."version" ASC[0m
  ↳ /home/joaco/.rbenv/versions/2.5.1/lib/ruby/gems/2.5.0/gems/activerecord-5.2.1/lib/active_record/log_subscriber.rb:98
Processing by HomeController#show as HTML
  Rendering home/show.html.erb within layouts/application
  Rendered home/show.html.erb within layouts/application (1.2ms)
Completed 200 OK in 441ms (Views: 435.4ms | ActiveRecord: 0.0ms)


Started GET "/auth/google_oauth2" for 127.0.0.1 at 2018-08-25 16:44:39 -0300
(google_oauth2) Request phase initiated.
Started GET "/auth/google_oauth2" for 127.0.0.1 at 2018-08-25 16:44:39 -0300
(google_oauth2) Request phase initiated.
Started GET "/auth/google_oauth2/callback?state=b0b1545cb9f051b1013e286b44227c874a50eb0c8968e86c&code=4/RgAE5WdYfN2kzBZIXTbVBe_R8Tk7kRRCK37JC3AUlHohD1o8keYUH1dwNQ9UAA-Ap9dMjJKIo4Zp70ro-f8Zl5c" for 127.0.0.1 at 2018-08-25 16:44:49 -0300
(google_oauth2) Callback phase initiated.
Processing by SessionsController#create as HTML
  Parameters: {"state"=>"b0b1545cb9f051b1013e286b44227c874a50eb0c8968e86c", "code"=>"4/RgAE5WdYfN2kzBZIXTbVBe_R8Tk7kRRCK37JC3AUlHohD1o8keYUH1dwNQ9UAA-Ap9dMjJKIo4Zp70ro-f8Zl5c", "provider"=>"google_oauth2"}
Completed 500 Internal Server Error in 114ms (ActiveRecord: 0.0ms)


  
NameError (undefined local variable or method `env' for #<SessionsController:0x00007fb5e812a0e8>):
  
app/controllers/sessions_controller.rb:3:in `create'
Started GET "/" for 127.0.0.1 at 2018-08-25 16:49:17 -0300
  [1m[35m (0.1ms)[0m  [1m[34mSELECT "schema_migrations"."version" FROM "schema_migrations" ORDER BY "schema_migrations"."version" ASC[0m
  ↳ /home/joaco/.rbenv/versions/2.5.1/lib/ruby/gems/2.5.0/gems/activerecord-5.2.1/lib/active_record/log_subscriber.rb:98
Processing by HomeController#show as HTML
  Rendering home/show.html.erb within layouts/application
  Rendered home/show.html.erb within layouts/application (0.4ms)
Completed 200 OK in 146ms (Views: 139.6ms | ActiveRecord: 0.0ms)


Started GET "/auth/google_oauth2" for 127.0.0.1 at 2018-08-25 16:49:18 -0300
(google_oauth2) Request phase initiated.
Started GET "/auth/google_oauth2" for 127.0.0.1 at 2018-08-25 16:49:18 -0300
(google_oauth2) Request phase initiated.
Started GET "/auth/google_oauth2/callback?state=5601287c5073f2d91975517ccbb67726e63bddad85813e78&code=4/RgAxulSpmkXIX6KvtkGw36t5FujzIwgvtjHMggQEbMRjVY-ofmVRAO6WdZXQ6Wz9eSW7GLqerLC7CA9aqB_ntmo" for 127.0.0.1 at 2018-08-25 16:49:19 -0300
(google_oauth2) Callback phase initiated.
Processing by SessionsController#create as HTML
  Parameters: {"state"=>"5601287c5073f2d91975517ccbb67726e63bddad85813e78", "code"=>"4/RgAxulSpmkXIX6KvtkGw36t5FujzIwgvtjHMggQEbMRjVY-ofmVRAO6WdZXQ6Wz9eSW7GLqerLC7CA9aqB_ntmo", "provider"=>"google_oauth2"}
  [1m[36mUser Load (0.1ms)[0m  [1m[34mSELECT  "users".* FROM "users" WHERE "users"."provider" = ? AND "users"."uid" = ? ORDER BY "users"."id" ASC LIMIT ?[0m  [["provider", "google_oauth2"], ["uid", "115672965162451574440"], ["LIMIT", 1]]
  ↳ app/models/user.rb:3
  [1m[35m (0.0ms)[0m  [1m[36mbegin transaction[0m
  ↳ app/models/user.rb:9
  [1m[36mUser Create (0.2ms)[0m  [1m[32mINSERT INTO "users" ("provider", "uid", "name", "oauth_token", "oauth_expires_at", "created_at", "updated_at") VALUES (?, ?, ?, ?, ?, ?, ?)[0m  [["provider", "google_oauth2"], ["uid", "115672965162451574440"], ["name", "Joaquin Villar"], ["oauth_token", "ya29.GlsEBgo4SFrN8PraJ0_qV4u2vU91wj96pdZm7oDmrLlSCXGS4x6I8j1dyp38L-pvvcACLrgkkdhG3fxdqkB6fUQgyn0VKqOwx9EQZX2jRpmf1LQww7O4-OC8cY4B"], ["oauth_expires_at", "2018-08-25 20:49:19"], ["created_at", "2018-08-25 19:49:20.521526"], ["updated_at", "2018-08-25 19:49:20.521526"]]
  ↳ app/models/user.rb:9
  [1m[35m (5.3ms)[0m  [1m[36mcommit transaction[0m
  ↳ app/models/user.rb:9
Redirected to http://localhost:3000/
Completed 302 Found in 17ms (ActiveRecord: 6.4ms)


Started GET "/" for 127.0.0.1 at 2018-08-25 16:49:20 -0300
Processing by HomeController#show as HTML
  Rendering home/show.html.erb within layouts/application
  Rendered home/show.html.erb within layouts/application (0.3ms)
  [1m[36mUser Load (0.2ms)[0m  [1m[34mSELECT  "users".* FROM "users" WHERE "users"."id" = ? LIMIT ?[0m  [["id", 1], ["LIMIT", 1]]
  ↳ app/controllers/application_controller.rb:6
Completed 200 OK in 15ms (Views: 14.2ms | ActiveRecord: 0.2ms)


Started GET "/signout" for 127.0.0.1 at 2018-08-25 16:49:23 -0300
Processing by SessionsController#destroy as HTML
Redirected to http://localhost:3000/
Completed 302 Found in 1ms (ActiveRecord: 0.0ms)


Started GET "/" for 127.0.0.1 at 2018-08-25 16:49:23 -0300
Processing by HomeController#show as HTML
  Rendering home/show.html.erb within layouts/application
  Rendered home/show.html.erb within layouts/application (0.3ms)
Completed 200 OK in 12ms (Views: 10.9ms | ActiveRecord: 0.0ms)


Started GET "/auth/google_oauth2" for 127.0.0.1 at 2018-08-25 16:49:24 -0300
(google_oauth2) Request phase initiated.
Started GET "/auth/google_oauth2" for 127.0.0.1 at 2018-08-25 16:49:24 -0300
(google_oauth2) Request phase initiated.
Started GET "/auth/google_oauth2/callback?state=b52feb8b3f182ba9891828a22b9bee0b37c662e747d2f107&code=4/RgCMiwcFnn4mPe5lfmHWRbcfnmkHVNRMUNKGwBRD45wZ-LUz8FU5KFdb1uv4QKvcjsVNE9tFp-Tz9DZVnpCDtOQ" for 127.0.0.1 at 2018-08-25 16:49:25 -0300
(google_oauth2) Callback phase initiated.
Processing by SessionsController#create as HTML
  Parameters: {"state"=>"b52feb8b3f182ba9891828a22b9bee0b37c662e747d2f107", "code"=>"4/RgCMiwcFnn4mPe5lfmHWRbcfnmkHVNRMUNKGwBRD45wZ-LUz8FU5KFdb1uv4QKvcjsVNE9tFp-Tz9DZVnpCDtOQ", "provider"=>"google_oauth2"}
  [1m[36mUser Load (0.3ms)[0m  [1m[34mSELECT  "users".* FROM "users" WHERE "users"."provider" = ? AND "users"."uid" = ? ORDER BY "users"."id" ASC LIMIT ?[0m  [["provider", "google_oauth2"], ["uid", "115672965162451574440"], ["LIMIT", 1]]
  ↳ app/models/user.rb:3
  [1m[35m (0.1ms)[0m  [1m[36mbegin transaction[0m
  ↳ app/models/user.rb:9
  [1m[36mUser Update (0.8ms)[0m  [1m[33mUPDATE "users" SET "oauth_token" = ?, "oauth_expires_at" = ?, "updated_at" = ? WHERE "users"."id" = ?[0m  [["oauth_token", "ya29.GlsEBtLbmMS_AmGFQI0sGbVUU4wnsEiWMMF3i-WnC9u97ga79P2cLr4ZdrUP0q4oc_dVrMxTjeI1FmL-zzVHqsRbdyQuN45ZVaCKIMAuXMsygctJh1dSm6MBez_C"], ["oauth_expires_at", "2018-08-25 20:49:25"], ["updated_at", "2018-08-25 19:49:26.035289"], ["id", 1]]
  ↳ app/models/user.rb:9
  [1m[35m (5.2ms)[0m  [1m[36mcommit transaction[0m
  ↳ app/models/user.rb:9
Redirected to http://localhost:3000/
Completed 302 Found in 12ms (ActiveRecord: 6.4ms)


Started GET "/" for 127.0.0.1 at 2018-08-25 16:49:26 -0300
Processing by HomeController#show as HTML
  Rendering home/show.html.erb within layouts/application
  Rendered home/show.html.erb within layouts/application (0.2ms)
  [1m[36mUser Load (0.2ms)[0m  [1m[34mSELECT  "users".* FROM "users" WHERE "users"."id" = ? LIMIT ?[0m  [["id", 1], ["LIMIT", 1]]
  ↳ app/controllers/application_controller.rb:6
Completed 200 OK in 10ms (Views: 9.4ms | ActiveRecord: 0.2ms)


Started GET "/auth/google_oauth2" for 127.0.0.1 at 2018-08-26 11:47:25 -0300
  [1m[35m (0.1ms)[0m  [1m[34mSELECT "schema_migrations"."version" FROM "schema_migrations" ORDER BY "schema_migrations"."version" ASC[0m
  ↳ /home/joaco/.rbenv/versions/2.5.1/lib/ruby/gems/2.5.0/gems/activerecord-5.2.1/lib/active_record/log_subscriber.rb:98
(google_oauth2) Request phase initiated.
Started GET "/auth/google_oauth2/callback?state=ca10dbd220b4cef84d6ca8f5d0f18a3a0e9def1e19626357&code=4/RwC2Nl4e8beDktQC9PiWPN9tPhOgIMAByrgBEb2zbZ8JQB0KZYhoZ_9-IVwjR-eulKRLcidTtrh96Y4Q3Ch-xv0" for 127.0.0.1 at 2018-08-26 11:47:26 -0300
(google_oauth2) Callback phase initiated.
Processing by SessionsController#create as HTML
  Parameters: {"state"=>"ca10dbd220b4cef84d6ca8f5d0f18a3a0e9def1e19626357", "code"=>"4/RwC2Nl4e8beDktQC9PiWPN9tPhOgIMAByrgBEb2zbZ8JQB0KZYhoZ_9-IVwjR-eulKRLcidTtrh96Y4Q3Ch-xv0", "provider"=>"google_oauth2"}
  [1m[36mUser Load (0.1ms)[0m  [1m[34mSELECT  "users".* FROM "users" WHERE "users"."provider" = ? AND "users"."uid" = ? ORDER BY "users"."id" ASC LIMIT ?[0m  [["provider", "google_oauth2"], ["uid", "115672965162451574440"], ["LIMIT", 1]]
  ↳ app/models/user.rb:3
  [1m[35m (0.1ms)[0m  [1m[36mbegin transaction[0m
  ↳ app/models/user.rb:9
  [1m[36mUser Update (0.6ms)[0m  [1m[33mUPDATE "users" SET "oauth_token" = ?, "oauth_expires_at" = ?, "updated_at" = ? WHERE "users"."id" = ?[0m  [["oauth_token", "ya29.GlwFBqajcZXL7IwN1cKAKq2rgG95GCeUnUwfdzbVah9r038DfqzH12DBhegOZz6rWbhm8NR1J95c-DJUeNzfIPJjMZZKKKPVcFfUaewMYbACcGd3BjOY_Q4F1C_Nxg"], ["oauth_expires_at", "2018-08-26 15:47:25"], ["updated_at", "2018-08-26 14:47:26.973216"], ["id", 1]]
  ↳ app/models/user.rb:9
  [1m[35m (5.7ms)[0m  [1m[36mcommit transaction[0m
  ↳ app/models/user.rb:9
Redirected to http://localhost:3000/
Completed 302 Found in 25ms (ActiveRecord: 7.2ms)


Started GET "/" for 127.0.0.1 at 2018-08-26 11:47:26 -0300
Processing by HomeController#show as HTML
  Rendering home/show.html.erb within layouts/application
  Rendered home/show.html.erb within layouts/application (0.9ms)
  [1m[36mUser Load (0.2ms)[0m  [1m[34mSELECT  "users".* FROM "users" WHERE "users"."id" = ? LIMIT ?[0m  [["id", 1], ["LIMIT", 1]]
  ↳ app/controllers/application_controller.rb:6
Completed 200 OK in 104ms (Views: 102.7ms | ActiveRecord: 0.2ms)


Started GET "/signout" for 127.0.0.1 at 2018-08-26 11:52:12 -0300
Processing by SessionsController#destroy as HTML
Redirected to http://localhost:3000/
Completed 302 Found in 1ms (ActiveRecord: 0.0ms)


Started GET "/" for 127.0.0.1 at 2018-08-26 11:52:12 -0300
Processing by HomeController#show as HTML
  Rendering home/show.html.erb within layouts/application
  Rendered home/show.html.erb within layouts/application (0.3ms)
Completed 200 OK in 25ms (Views: 24.7ms | ActiveRecord: 0.0ms)


Started GET "/auth/google_oauth2" for 127.0.0.1 at 2018-08-26 11:52:19 -0300
(google_oauth2) Request phase initiated.
Started GET "/auth/google_oauth2/callback?state=6d9cafb656b438730a6ff765ebe8e63cc06c2df7c0be9407&code=4/RwCCIa9y2udTjpr6-Rk-6CzVU6DdQdxcMURNCW5sCR_dl2yJnsg4ipJBBBfSiuXvezVN3DhrV3Mj40_87eOPxmo" for 127.0.0.1 at 2018-08-26 11:52:20 -0300
(google_oauth2) Callback phase initiated.
Processing by SessionsController#create as HTML
  Parameters: {"state"=>"6d9cafb656b438730a6ff765ebe8e63cc06c2df7c0be9407", "code"=>"4/RwCCIa9y2udTjpr6-Rk-6CzVU6DdQdxcMURNCW5sCR_dl2yJnsg4ipJBBBfSiuXvezVN3DhrV3Mj40_87eOPxmo", "provider"=>"google_oauth2"}
  [1m[36mUser Load (0.3ms)[0m  [1m[34mSELECT  "users".* FROM "users" WHERE "users"."provider" = ? AND "users"."uid" = ? ORDER BY "users"."id" ASC LIMIT ?[0m  [["provider", "google_oauth2"], ["uid", "115672965162451574440"], ["LIMIT", 1]]
  ↳ app/models/user.rb:3
  [1m[35m (0.1ms)[0m  [1m[36mbegin transaction[0m
  ↳ app/models/user.rb:9
  [1m[36mUser Update (0.9ms)[0m  [1m[33mUPDATE "users" SET "oauth_token" = ?, "oauth_expires_at" = ?, "updated_at" = ? WHERE "users"."id" = ?[0m  [["oauth_token", "ya29.GlwFBjZ6RjE04GLW8pXMdifT38sN2t-E8-idPhsDFa9GTh5S8CUlpyfZn6nRc8T9a9qJUrhUhGNScqudFgykeNJDubxJosj4hq8besygvFgUz-KQSKAcTp7bsEttSg"], ["oauth_expires_at", "2018-08-26 15:52:20"], ["updated_at", "2018-08-26 14:52:21.572574"], ["id", 1]]
  ↳ app/models/user.rb:9
  [1m[35m (6.6ms)[0m  [1m[36mcommit transaction[0m
  ↳ app/models/user.rb:9
Redirected to http://localhost:3000/
Completed 302 Found in 13ms (ActiveRecord: 7.9ms)


Started GET "/" for 127.0.0.1 at 2018-08-26 11:52:21 -0300
Processing by HomeController#show as HTML
  Rendering home/show.html.erb within layouts/application
  Rendered home/show.html.erb within layouts/application (0.3ms)
  [1m[36mUser Load (0.1ms)[0m  [1m[34mSELECT  "users".* FROM "users" WHERE "users"."id" = ? LIMIT ?[0m  [["id", 1], ["LIMIT", 1]]
  ↳ app/controllers/application_controller.rb:6
Completed 200 OK in 19ms (Views: 18.0ms | ActiveRecord: 0.1ms)


